<?xml version="1.0" encoding="UTF-8"?>
<!-- Generated by org.testng.reporters.JUnitReportReporter -->
<testsuite hostname="MCKTMP1CTXWS052" failures="0" tests="1" name="pippin.qa.testcases.LoginPageTest" time="11.367" errors="0" timestamp="2021-07-03T19:49:07 IST" skipped="0">
  <testcase classname="pippin.qa.testcases.LoginPageTest" name="loginTest" time="11.367"/>
  <system-out/>
</testsuite> <!-- pippin.qa.testcases.LoginPageTest -->
