<?xml version="1.0" encoding="UTF-8"?>
<!-- Generated by org.testng.reporters.JUnitReportReporter -->
<testsuite hostname="MCKTMP1CTXWS052" failures="0" tests="1" name="pippin.qa.testcases.LoginAndPlaceOrderTest" time="59.190" errors="0" timestamp="2021-07-07T11:41:14 IST" skipped="0">
  <testcase classname="pippin.qa.testcases.LoginAndPlaceOrderTest" name="loginAndPlaceNewOrderTest" time="59.190"/>
  <system-out/>
</testsuite> <!-- pippin.qa.testcases.LoginAndPlaceOrderTest -->
